<?xml version="1.0" encoding="UTF-8"?>
<!-- Generated by org.testng.reporters.JUnitReportReporter -->
<testsuite skipped="0" hostname="DESKTOP-TU76DCC" name="SystemMailTracking.testcases.SessionSuite.deletepaiduser" tests="1" failures="0" timestamp="25 Jul 2018 19:19:29 GMT" time="22.069" errors="0">
  <testcase name="deletepaiduserTest" time="22.069" classname="SystemMailTracking.testcases.SessionSuite.deletepaiduser"/>
</testsuite> <!-- SystemMailTracking.testcases.SessionSuite.deletepaiduser -->
