<?xml version="1.0" encoding="UTF-8"?>
<!-- Generated by org.testng.reporters.JUnitReportReporter -->
<testsuite skipped="0" hostname="DESKTOP-TU76DCC" name="SystemMailTracking.testcases.SessionSuite.deleteTrialuser" tests="1" failures="0" timestamp="25 Jul 2018 19:19:29 GMT" time="25.916" errors="0">
  <testcase name="deleteTrialuserTest" time="25.916" classname="SystemMailTracking.testcases.SessionSuite.deleteTrialuser"/>
</testsuite> <!-- SystemMailTracking.testcases.SessionSuite.deleteTrialuser -->
