<?xml version="1.0" encoding="UTF-8"?>
<!-- Generated by org.testng.reporters.JUnitReportReporter -->
<testsuite skipped="0" hostname="DESKTOP-TU76DCC" name="SystemMailTracking.testcases.SessionSuite.CreateNewAccountTest" tests="1" failures="0" timestamp="26 Jul 2018 03:28:58 GMT" time="36.324" errors="0">
  <testcase name="CreateNewAccount" time="36.324" classname="SystemMailTracking.testcases.SessionSuite.CreateNewAccountTest"/>
</testsuite> <!-- SystemMailTracking.testcases.SessionSuite.CreateNewAccountTest -->
