<?xml version="1.0" encoding="UTF-8"?>
<!-- Generated by org.testng.reporters.JUnitReportReporter -->
<testsuite skipped="0" hostname="DESKTOP-TU76DCC" name="SystemMailTracking.testcases.SessionSuite.LoginTest" tests="1" failures="0" timestamp="26 Jul 2018 03:28:58 GMT" time="47.537" errors="0">
  <testcase name="loginTest" time="47.537" classname="SystemMailTracking.testcases.SessionSuite.LoginTest"/>
</testsuite> <!-- SystemMailTracking.testcases.SessionSuite.LoginTest -->
