<?xml version="1.0" encoding="UTF-8"?>
<!-- Generated by org.testng.reporters.JUnitReportReporter -->
<testsuite skipped="0" hostname="DESKTOP-TU76DCC" name="SystemMailTracking.testcases.SessionSuite.ForgotPasswordTestCase" tests="1" failures="0" timestamp="26 Jul 2018 03:28:58 GMT" time="45.155" errors="0">
  <testcase name="ForgotPasswordTest" time="45.155" classname="SystemMailTracking.testcases.SessionSuite.ForgotPasswordTestCase"/>
</testsuite> <!-- SystemMailTracking.testcases.SessionSuite.ForgotPasswordTestCase -->
