<?xml version="1.0" encoding="UTF-8"?>
<!-- Generated by org.testng.reporters.JUnitReportReporter -->
<testsuite skipped="0" hostname="DESKTOP-TU76DCC" name="SystemMailTracking.testcases.SystemEmails.ResourceEmailTest" tests="1" failures="0" timestamp="26 Jul 2018 03:28:58 GMT" time="76.732" errors="0">
  <testcase name="ResourceEmail" time="76.732" classname="SystemMailTracking.testcases.SystemEmails.ResourceEmailTest"/>
</testsuite> <!-- SystemMailTracking.testcases.SystemEmails.ResourceEmailTest -->
